TN:
SF:C:\Projects\CSSD-Assignment\ui\src\utilities.js
FN:15,formatDate
FN:19,formatCost
FNF:2
FNH:2
FNDA:1,formatDate
FNDA:5,formatCost
DA:5,1
DA:6,1
DA:16,1
DA:20,5
DA:21,5
LF:5
LH:5
BRF:0
BRH:0
end_of_record
TN:
SF:C:\Projects\CSSD-Assignment\ui\src\store\store.js
FN:7,(anonymous_0)
FN:11,(anonymous_1)
FN:16,(anonymous_2)
FN:21,(anonymous_3)
FNF:4
FNH:4
FNDA:1,(anonymous_0)
FNDA:5,(anonymous_1)
FNDA:5,(anonymous_2)
FNDA:5,(anonymous_3)
DA:4,1
DA:7,1
DA:12,5
DA:17,5
DA:21,5
LF:5
LH:5
BRF:0
BRH:0
end_of_record
