TN:
SF:C:\Users\Jarrod\Documents\AAF\CSSD\ui\src\utilities.js
FN:25,formatDate
FN:34,formatCost
FN:50,isUserAuthenticated
FNF:3
FNH:2
FNDA:1,formatDate
FNDA:5,formatCost
FNDA:0,isUserAuthenticated
DA:10,1
DA:11,1
DA:26,1
DA:35,5
DA:36,5
DA:51,0
DA:52,0
LF:7
LH:5
BRF:0
BRH:0
end_of_record
TN:
SF:C:\Users\Jarrod\Documents\AAF\CSSD\ui\src\store\store.js
FN:15,(anonymous_0)
FN:30,(anonymous_1)
FN:39,(anonymous_2)
FN:48,(anonymous_3)
FN:57,(anonymous_4)
FN:65,(anonymous_5)
FN:73,(anonymous_6)
FN:81,(anonymous_7)
FN:86,(anonymous_8)
FN:93,(anonymous_9)
FNF:10
FNH:7
FNDA:1,(anonymous_0)
FNDA:5,(anonymous_1)
FNDA:2,(anonymous_2)
FNDA:0,(anonymous_3)
FNDA:5,(anonymous_4)
FNDA:2,(anonymous_5)
FNDA:0,(anonymous_6)
FNDA:5,(anonymous_7)
FNDA:2,(anonymous_8)
FNDA:0,(anonymous_9)
DA:5,1
DA:15,1
DA:31,5
DA:40,2
DA:49,0
DA:58,5
DA:66,2
DA:74,0
DA:81,5
DA:87,2
DA:94,0
LF:11
LH:8
BRF:0
BRH:0
end_of_record
