TN:
SF:app.js
FNF:0
FNH:0
DA:1,1
DA:2,1
DA:3,1
DA:4,1
DA:5,1
DA:6,1
DA:8,1
DA:9,1
DA:11,1
DA:13,1
DA:22,1
DA:27,1
DA:28,1
DA:32,1
DA:33,1
DA:34,1
DA:35,1
DA:36,1
DA:37,1
DA:38,1
DA:39,1
DA:42,1
DA:43,1
DA:45,1
LF:24
LH:24
BRF:0
BRH:0
end_of_record
TN:
SF:utilities.js
FN:4,(anonymous_0)
FNF:1
FNH:0
FNDA:0,(anonymous_0)
DA:1,1
DA:3,1
DA:5,0
DA:8,1
LF:4
LH:3
BRF:0
BRH:0
end_of_record
TN:
SF:business\bill.business.js
FN:7,(anonymous_0)
FN:15,(anonymous_1)
FN:24,(anonymous_2)
FN:32,(anonymous_3)
FN:37,(anonymous_4)
FNF:5
FNH:4
FNDA:1,(anonymous_0)
FNDA:5,(anonymous_1)
FNDA:0,(anonymous_2)
FNDA:2,(anonymous_3)
FNDA:1,(anonymous_4)
DA:1,1
DA:2,1
DA:3,1
DA:4,1
DA:6,1
DA:9,1
DA:16,5
DA:22,5
DA:25,0
DA:26,0
DA:33,2
DA:36,2
DA:37,1
LF:13
LH:11
BRDA:19,0,0,5
BRDA:19,0,1,4
BRDA:20,1,0,5
BRDA:20,1,1,4
BRF:4
BRH:4
end_of_record
TN:
SF:business\user.business.js
FN:8,(anonymous_0)
FN:16,(anonymous_1)
FN:18,(anonymous_2)
FN:50,(anonymous_3)
FN:57,(anonymous_4)
FN:63,(anonymous_5)
FN:71,(anonymous_6)
FN:82,(anonymous_7)
FN:94,(anonymous_8)
FN:97,(anonymous_9)
FN:101,(anonymous_10)
FN:110,isUserDataValid
FNF:12
FNH:11
FNDA:1,(anonymous_0)
FNDA:2,(anonymous_1)
FNDA:2,(anonymous_2)
FNDA:1,(anonymous_3)
FNDA:3,(anonymous_4)
FNDA:2,(anonymous_5)
FNDA:3,(anonymous_6)
FNDA:2,(anonymous_7)
FNDA:2,(anonymous_8)
FNDA:2,(anonymous_9)
FNDA:0,(anonymous_10)
FNDA:3,isUserDataValid
DA:1,1
DA:2,1
DA:3,1
DA:4,1
DA:5,1
DA:7,1
DA:10,1
DA:17,2
DA:19,2
DA:24,2
DA:25,1
DA:31,1
DA:43,1
DA:50,1
DA:58,3
DA:64,2
DA:72,3
DA:73,0
DA:75,3
DA:82,3
DA:83,2
DA:84,1
DA:85,1
DA:86,1
DA:87,0
DA:95,2
DA:99,2
DA:102,0
DA:111,3
LF:29
LH:26
BRDA:24,0,0,1
BRDA:24,0,1,1
BRDA:72,1,0,0
BRDA:72,1,1,3
BRDA:83,2,0,1
BRDA:83,2,1,1
BRDA:85,3,0,1
BRDA:85,3,1,0
BRDA:111,4,0,3
BRDA:111,4,1,3
BRDA:111,4,2,3
BRDA:111,4,3,3
BRF:12
BRH:10
end_of_record
TN:
SF:config\db.config.js
FNF:0
FNH:0
DA:1,1
LF:1
LH:1
BRF:0
BRH:0
end_of_record
TN:
SF:controllers\auth.controller.js
FN:7,(anonymous_0)
FN:10,(anonymous_1)
FN:23,(anonymous_2)
FN:31,(anonymous_3)
FN:34,(anonymous_4)
FN:39,(anonymous_5)
FN:47,(anonymous_6)
FNF:7
FNH:6
FNDA:2,(anonymous_0)
FNDA:1,(anonymous_1)
FNDA:1,(anonymous_2)
FNDA:3,(anonymous_3)
FNDA:1,(anonymous_4)
FNDA:2,(anonymous_5)
FNDA:0,(anonymous_6)
DA:1,1
DA:2,1
DA:7,1
DA:8,2
DA:11,1
DA:12,1
DA:13,1
DA:14,1
DA:16,1
DA:24,1
DA:31,1
DA:32,3
DA:35,1
DA:40,2
DA:47,1
DA:48,0
DA:49,0
LF:17
LH:15
BRF:0
BRH:0
end_of_record
TN:
SF:controllers\bill.controller.js
FN:7,(anonymous_0)
FN:9,(anonymous_1)
FN:10,(anonymous_2)
FN:19,(anonymous_3)
FN:21,(anonymous_4)
FN:22,(anonymous_5)
FNF:6
FNH:5
FNDA:5,(anonymous_0)
FNDA:5,(anonymous_1)
FNDA:0,(anonymous_2)
FNDA:2,(anonymous_3)
FNDA:1,(anonymous_4)
FNDA:1,(anonymous_5)
DA:1,1
DA:2,1
DA:7,1
DA:8,5
DA:9,5
DA:11,0
DA:19,1
DA:20,2
DA:21,1
DA:22,1
LF:10
LH:9
BRF:0
BRH:0
end_of_record
TN:
SF:database\index.js
FN:25,(anonymous_0)
FN:29,setRunValidators
FN:39,(anonymous_2)
FN:42,(anonymous_3)
FN:50,(anonymous_4)
FNF:5
FNH:2
FNDA:0,(anonymous_0)
FNDA:0,setRunValidators
FNDA:1,(anonymous_2)
FNDA:0,(anonymous_3)
FNDA:2,(anonymous_4)
DA:2,1
DA:3,1
DA:4,1
DA:5,1
DA:7,1
DA:8,1
DA:9,1
DA:10,1
DA:13,1
DA:14,1
DA:17,1
DA:18,0
DA:23,1
DA:25,1
DA:26,0
DA:27,0
DA:30,0
DA:34,1
DA:40,1
DA:43,0
DA:44,0
DA:47,1
DA:49,1
DA:51,2
LF:24
LH:18
BRDA:17,0,0,0
BRDA:17,0,1,1
BRF:2
BRH:1
end_of_record
TN:
SF:datalayer\mongo.js
FN:2,(anonymous_0)
FN:10,(anonymous_1)
FN:20,(anonymous_2)
FN:27,(anonymous_3)
FN:34,(anonymous_4)
FN:37,(anonymous_5)
FNF:6
FNH:6
FNDA:2,(anonymous_0)
FNDA:5,(anonymous_1)
FNDA:2,(anonymous_2)
FNDA:3,(anonymous_3)
FNDA:2,(anonymous_4)
FNDA:1,(anonymous_5)
DA:4,2
DA:11,5
DA:21,2
DA:28,3
DA:35,2
DA:37,1
DA:42,1
LF:7
LH:7
BRF:0
BRH:0
end_of_record
TN:
SF:models\bill.model.js
FN:2,(anonymous_0)
FN:27,(anonymous_1)
FNF:2
FNH:1
FNDA:1,(anonymous_0)
FNDA:0,(anonymous_1)
DA:1,1
DA:2,1
DA:3,1
DA:27,1
DA:28,0
DA:29,0
DA:30,0
DA:33,1
LF:8
LH:5
BRF:0
BRH:0
end_of_record
TN:
SF:models\journey.model.js
FN:1,(anonymous_0)
FNF:1
FNH:1
FNDA:1,(anonymous_0)
DA:1,1
DA:2,1
DA:24,1
LF:3
LH:3
BRF:0
BRH:0
end_of_record
TN:
SF:models\location.model.js
FN:1,(anonymous_0)
FNF:1
FNH:1
FNDA:1,(anonymous_0)
DA:1,1
DA:2,1
DA:21,1
LF:3
LH:3
BRF:0
BRH:0
end_of_record
TN:
SF:models\user.model.js
FN:2,(anonymous_0)
FNF:1
FNH:1
FNDA:1,(anonymous_0)
DA:2,1
DA:3,1
DA:30,1
LF:3
LH:3
BRF:0
BRH:0
end_of_record
TN:
SF:routes\auth.routes.js
FNF:0
FNH:0
DA:1,1
DA:2,1
DA:5,1
DA:8,1
DA:11,1
DA:14,1
DA:16,1
LF:7
LH:7
BRF:0
BRH:0
end_of_record
TN:
SF:routes\bill.routes.js
FNF:0
FNH:0
DA:1,1
DA:2,1
DA:5,1
DA:8,1
DA:11,1
DA:13,1
LF:6
LH:6
BRF:0
BRH:0
end_of_record
